Started by user Elias Arezoomande
17:20:39 Connecting to https://api.github.com with no credentials, anonymous access
Obtained Jenkinsfile from 61db596c5418c6b23a184fc1475018ef3ee89323
Running in Durability level: MAX_SURVIVABILITY
[Pipeline] Start of Pipeline
[Pipeline] node
Running on Jenkins in C:\WINDOWS\system32\config\systemprofile\AppData\Local\Jenkins\.jenkins\workspace\EliasArezoomandeJenkinsLabb_main
[Pipeline] {
[Pipeline] stage
[Pipeline] { (Declarative: Checkout SCM)
[Pipeline] checkout
The recommended git tool is: NONE
No credentials specified
 > C:\Program Files\Git\bin\git.exe rev-parse --is-inside-work-tree # timeout=10
Fetching changes from the remote Git repository
 > C:\Program Files\Git\bin\git.exe config remote.origin.url https://github.com/Loke48/EliasArezoomande-JenkinsLab.git # timeout=10
Fetching without tags
Fetching upstream changes from https://github.com/Loke48/EliasArezoomande-JenkinsLab.git
 > C:\Program Files\Git\bin\git.exe --version # timeout=10
 > git --version # 'git version 2.31.0.windows.1'
 > C:\Program Files\Git\bin\git.exe fetch --no-tags --force --progress -- https://github.com/Loke48/EliasArezoomande-JenkinsLab.git +refs/heads/main:refs/remotes/origin/main # timeout=10
Checking out Revision 61db596c5418c6b23a184fc1475018ef3ee89323 (main)
 > C:\Program Files\Git\bin\git.exe config core.sparsecheckout # timeout=10
 > C:\Program Files\Git\bin\git.exe checkout -f 61db596c5418c6b23a184fc1475018ef3ee89323 # timeout=10
Commit message: "first commit"
 > C:\Program Files\Git\bin\git.exe rev-list --no-walk 61db596c5418c6b23a184fc1475018ef3ee89323 # timeout=10
[Pipeline] }
[Pipeline] // stage
[Pipeline] withEnv
[Pipeline] {
[Pipeline] stage
[Pipeline] { (Build)
[Pipeline] sh
+ mvn compile
[INFO] Scanning for projects...
[INFO] 
[INFO] -------------------------< groupId:fooproject >-------------------------
[INFO] Building fooproject 1.0-SNAPSHOT
[INFO] --------------------------------[ jar ]---------------------------------
[INFO] 
[INFO] --- maven-resources-plugin:2.6:resources (default-resources) @ fooproject ---
[WARNING] Using platform encoding (Cp1252 actually) to copy filtered resources, i.e. build is platform dependent!
[INFO] skip non existing resourceDirectory C:\WINDOWS\system32\config\systemprofile\AppData\Local\Jenkins\.jenkins\workspace\EliasArezoomandeJenkinsLabb_main\src\main\resources
[INFO] 
[INFO] --- maven-compiler-plugin:3.8.1:compile (default-compile) @ fooproject ---
[INFO] Nothing to compile - all classes are up to date
[INFO] ------------------------------------------------------------------------
[INFO] BUILD SUCCESS
[INFO] ------------------------------------------------------------------------
[INFO] Total time:  3.435 s
[INFO] Finished at: 2021-03-25T17:20:52+01:00
[INFO] ------------------------------------------------------------------------
[Pipeline] }
[Pipeline] // stage
[Pipeline] stage
[Pipeline] { (Test)
[Pipeline] sh
+ mvn test
[INFO] Scanning for projects...
[INFO] 
[INFO] -------------------------< groupId:fooproject >-------------------------
[INFO] Building fooproject 1.0-SNAPSHOT
[INFO] --------------------------------[ jar ]---------------------------------
[INFO] 
[INFO] --- maven-resources-plugin:2.6:resources (default-resources) @ fooproject ---
[WARNING] Using platform encoding (Cp1252 actually) to copy filtered resources, i.e. build is platform dependent!
[INFO] skip non existing resourceDirectory C:\WINDOWS\system32\config\systemprofile\AppData\Local\Jenkins\.jenkins\workspace\EliasArezoomandeJenkinsLabb_main\src\main\resources
[INFO] 
[INFO] --- maven-compiler-plugin:3.8.1:compile (default-compile) @ fooproject ---
[INFO] Nothing to compile - all classes are up to date
[INFO] 
[INFO] --- maven-resources-plugin:2.6:testResources (default-testResources) @ fooproject ---
[WARNING] Using platform encoding (Cp1252 actually) to copy filtered resources, i.e. build is platform dependent!
[INFO] skip non existing resourceDirectory C:\WINDOWS\system32\config\systemprofile\AppData\Local\Jenkins\.jenkins\workspace\EliasArezoomandeJenkinsLabb_main\src\test\resources
[INFO] 
[INFO] --- maven-compiler-plugin:3.8.1:testCompile (default-testCompile) @ fooproject ---
[INFO] Nothing to compile - all classes are up to date
[INFO] 
[INFO] --- maven-surefire-plugin:2.22.2:test (default-test) @ fooproject ---
[INFO] 
[INFO] -------------------------------------------------------
[INFO]  T E S T S
[INFO] -------------------------------------------------------
[INFO] Running FooTest
[INFO] Tests run: 1, Failures: 0, Errors: 0, Skipped: 0, Time elapsed: 0.083 s - in FooTest
[INFO] 
[INFO] Results:
[INFO] 
[INFO] Tests run: 1, Failures: 0, Errors: 0, Skipped: 0
[INFO] 
[INFO] ------------------------------------------------------------------------
[INFO] BUILD SUCCESS
[INFO] ------------------------------------------------------------------------
[INFO] Total time:  7.343 s
[INFO] Finished at: 2021-03-25T17:21:04+01:00
[INFO] ------------------------------------------------------------------------
Post stage
[Pipeline] junit
Recording test results
[Checks API] No suitable checks publisher found.
[Pipeline] }
[Pipeline] // stage
[Pipeline] stage
[Pipeline] { (newman)
[Pipeline] sh
+ newman run postman/postman_collection.json --environment postman/postman_environment.json --reporters junit
C:/WINDOWS/system32/config/systemprofile/AppData/Local/Jenkins/.jenkins/workspace/EliasArezoomandeJenkinsLabb_main@tmp/durable-47bfb17f/script.sh: line 1: newman: command not found
Post stage
[Pipeline] junit
Recording test results
No test report files were found. Configuration error?
Error when executing always post condition:
hudson.AbortException: No test report files were found. Configuration error?
	at hudson.tasks.junit.JUnitParser$ParseResultCallable.invoke(JUnitParser.java:152)
	at hudson.FilePath.act(FilePath.java:1164)
	at hudson.FilePath.act(FilePath.java:1147)
	at hudson.tasks.junit.JUnitParser.parseResult(JUnitParser.java:107)
	at hudson.tasks.junit.JUnitResultArchiver.parse(JUnitResultArchiver.java:149)
	at hudson.tasks.junit.JUnitResultArchiver.parseAndSummarize(JUnitResultArchiver.java:243)
	at hudson.tasks.junit.pipeline.JUnitResultsStepExecution.run(JUnitResultsStepExecution.java:63)
	at hudson.tasks.junit.pipeline.JUnitResultsStepExecution.run(JUnitResultsStepExecution.java:29)
	at org.jenkinsci.plugins.workflow.steps.SynchronousNonBlockingStepExecution.lambda$start$0(SynchronousNonBlockingStepExecution.java:47)
	at java.base/java.util.concurrent.Executors$RunnableAdapter.call(Executors.java:515)
	at java.base/java.util.concurrent.FutureTask.run(FutureTask.java:264)
	at java.base/java.util.concurrent.ThreadPoolExecutor.runWorker(ThreadPoolExecutor.java:1128)
	at java.base/java.util.concurrent.ThreadPoolExecutor$Worker.run(ThreadPoolExecutor.java:628)
	at java.base/java.lang.Thread.run(Thread.java:834)

[Pipeline] }
[Pipeline] // stage
[Pipeline] stage
[Pipeline] { (Robot Framework System tests with Selenium)
Stage "Robot Framework System tests with Selenium" skipped due to earlier failure(s)
[Pipeline] }
[Pipeline] // stage
[Pipeline] }
[Pipeline] // withEnv
[Pipeline] }
[Pipeline] // node
[Pipeline] End of Pipeline
ERROR: script returned exit code 127
Finished: FAILURE